Started GET "/" for ::1 at 2017-10-06 12:31:06 -0400
  [1m[36mActiveRecord::SchemaMigration Load (0.1ms)[0m  [1m[34mSELECT "schema_migrations".* FROM "schema_migrations"[0m
Processing by MainController#index as HTML
  Rendering main/index.html.erb within layouts/application
  Rendered main/index.html.erb within layouts/application (4825.0ms)
  Rendered layouts/_navbar.html.erb (0.4ms)
  Rendered layouts/_footer.html.erb (0.3ms)
Completed 200 OK in 5000ms (Views: 4984.4ms | ActiveRecord: 0.0ms)


Started GET "/animated" for ::1 at 2017-10-06 12:31:29 -0400
Processing by MainController#animated as HTML
  Rendering main/animated.html within layouts/application
  Rendered main/animated.html within layouts/application (0.7ms)
  Rendered layouts/_footer.html.erb (0.3ms)
Completed 200 OK in 63ms (Views: 60.8ms | ActiveRecord: 0.0ms)


Started GET "/animated" for ::1 at 2017-10-06 12:32:16 -0400
Processing by MainController#animated as HTML
  Rendering main/animated.html within layouts/application
  Rendered main/animated.html within layouts/application (0.4ms)
  Rendered layouts/_footer.html.erb (0.2ms)
Completed 200 OK in 37ms (Views: 35.8ms | ActiveRecord: 0.0ms)


Started GET "/favicon.ico" for ::1 at 2017-10-06 12:32:16 -0400
  
ActionController::RoutingError (No route matches [GET] "/favicon.ico"):
  
actionpack (5.0.2) lib/action_dispatch/middleware/debug_exceptions.rb:53:in `call'
web-console (3.5.0) lib/web_console/middleware.rb:135:in `call_app'
web-console (3.5.0) lib/web_console/middleware.rb:28:in `block in call'
web-console (3.5.0) lib/web_console/middleware.rb:18:in `catch'
web-console (3.5.0) lib/web_console/middleware.rb:18:in `call'
actionpack (5.0.2) lib/action_dispatch/middleware/show_exceptions.rb:31:in `call'
railties (5.0.2) lib/rails/rack/logger.rb:36:in `call_app'
railties (5.0.2) lib/rails/rack/logger.rb:24:in `block in call'
activesupport (5.0.2) lib/active_support/tagged_logging.rb:69:in `block in tagged'
activesupport (5.0.2) lib/active_support/tagged_logging.rb:26:in `tagged'
activesupport (5.0.2) lib/active_support/tagged_logging.rb:69:in `tagged'
railties (5.0.2) lib/rails/rack/logger.rb:24:in `call'
sprockets-rails (3.2.0) lib/sprockets/rails/quiet_assets.rb:13:in `call'
actionpack (5.0.2) lib/action_dispatch/middleware/request_id.rb:24:in `call'
rack (2.0.1) lib/rack/method_override.rb:22:in `call'
rack (2.0.1) lib/rack/runtime.rb:22:in `call'
activesupport (5.0.2) lib/active_support/cache/strategy/local_cache_middleware.rb:28:in `call'
actionpack (5.0.2) lib/action_dispatch/middleware/executor.rb:12:in `call'
actionpack (5.0.2) lib/action_dispatch/middleware/static.rb:136:in `call'
rack (2.0.1) lib/rack/sendfile.rb:111:in `call'
railties (5.0.2) lib/rails/engine.rb:522:in `call'
puma (3.8.2) lib/puma/configuration.rb:224:in `call'
puma (3.8.2) lib/puma/server.rb:600:in `handle_request'
puma (3.8.2) lib/puma/server.rb:435:in `process_client'
puma (3.8.2) lib/puma/server.rb:299:in `block in run'
puma (3.8.2) lib/puma/thread_pool.rb:120:in `block in spawn_thread'
  Rendering /Users/joshua/.rvm/gems/ruby-2.4.0/gems/actionpack-5.0.2/lib/action_dispatch/middleware/templates/rescues/routing_error.html.erb within rescues/layout
  Rendering /Users/joshua/.rvm/gems/ruby-2.4.0/gems/actionpack-5.0.2/lib/action_dispatch/middleware/templates/rescues/_trace.html.erb
  Rendered /Users/joshua/.rvm/gems/ruby-2.4.0/gems/actionpack-5.0.2/lib/action_dispatch/middleware/templates/rescues/_trace.html.erb (1.4ms)
  Rendered collection of /Users/joshua/.rvm/gems/ruby-2.4.0/gems/actionpack-5.0.2/lib/action_dispatch/middleware/templates/routes/_route.html.erb [19 times] (8.9ms)
  Rendered /Users/joshua/.rvm/gems/ruby-2.4.0/gems/actionpack-5.0.2/lib/action_dispatch/middleware/templates/routes/_table.html.erb (8.1ms)
  Rendering /Users/joshua/.rvm/gems/ruby-2.4.0/gems/actionpack-5.0.2/lib/action_dispatch/middleware/templates/rescues/_request_and_response.html.erb
  Rendered /Users/joshua/.rvm/gems/ruby-2.4.0/gems/actionpack-5.0.2/lib/action_dispatch/middleware/templates/rescues/_request_and_response.html.erb (1.0ms)
  Rendered /Users/joshua/.rvm/gems/ruby-2.4.0/gems/actionpack-5.0.2/lib/action_dispatch/middleware/templates/rescues/routing_error.html.erb within rescues/layout (102.6ms)
Started GET "/" for ::1 at 2017-10-06 12:32:17 -0400
Processing by MainController#index as HTML
  Rendering main/index.html.erb within layouts/application
  Rendered main/index.html.erb within layouts/application (3.1ms)
  Rendered layouts/_navbar.html.erb (0.5ms)
  Rendered layouts/_footer.html.erb (0.5ms)
Completed 200 OK in 63ms (Views: 60.2ms | ActiveRecord: 0.0ms)


Started GET "/" for ::1 at 2017-10-06 12:32:18 -0400
Processing by MainController#index as HTML
  Rendering main/index.html.erb within layouts/application
  Rendered main/index.html.erb within layouts/application (2.7ms)
  Rendered layouts/_navbar.html.erb (0.6ms)
  Rendered layouts/_footer.html.erb (0.3ms)
Completed 200 OK in 52ms (Views: 50.6ms | ActiveRecord: 0.0ms)


Started GET "/animated" for ::1 at 2017-10-06 12:32:21 -0400
Processing by MainController#animated as HTML
  Rendering main/animated.html within layouts/application
  Rendered main/animated.html within layouts/application (0.6ms)
  Rendered layouts/_footer.html.erb (0.4ms)
Completed 200 OK in 47ms (Views: 45.1ms | ActiveRecord: 0.0ms)


Started GET "/animated" for ::1 at 2017-10-06 12:32:23 -0400
Processing by MainController#animated as HTML
  Rendering main/animated.html within layouts/application
  Rendered main/animated.html within layouts/application (0.4ms)
  Rendered layouts/_footer.html.erb (0.3ms)
Completed 200 OK in 42ms (Views: 40.4ms | ActiveRecord: 0.0ms)


Started GET "/" for ::1 at 2017-10-06 12:32:26 -0400
Processing by MainController#index as HTML
  Rendering main/index.html.erb within layouts/application
  Rendered main/index.html.erb within layouts/application (3.9ms)
  Rendered layouts/_navbar.html.erb (0.4ms)
  Rendered layouts/_footer.html.erb (0.2ms)
Completed 200 OK in 53ms (Views: 50.7ms | ActiveRecord: 0.0ms)


Started GET "/" for ::1 at 2017-10-06 12:32:46 -0400
Processing by MainController#index as HTML
  Rendering main/index.html.erb within layouts/application
  Rendered main/index.html.erb within layouts/application (2.4ms)
  Rendered layouts/_navbar.html.erb (0.6ms)
  Rendered layouts/_footer.html.erb (0.3ms)
Completed 200 OK in 65ms (Views: 63.3ms | ActiveRecord: 0.0ms)


Started GET "/animated" for ::1 at 2017-10-06 12:32:51 -0400
Processing by MainController#animated as HTML
  Rendering main/animated.html within layouts/application
  Rendered main/animated.html within layouts/application (0.4ms)
  Rendered layouts/_footer.html.erb (1.3ms)
Completed 200 OK in 82ms (Views: 80.8ms | ActiveRecord: 0.0ms)


